<?xml version="1.0" encoding="UTF-8"?>
<!-- Generated by org.testng.reporters.JUnitXMLReporter -->
<testsuite hostname="Няша" failures="0" tests="8" name="Sequential tests" time="4.612" errors="0" timestamp="18 Dec 2017 07:54:54 GMT">
  <testcase classname="Httpbin.HttpBinHeadersTest" name="testGetDefaultBodyResponse" time="0.387"/>
  <testcase classname="Httpbin.HttpBinHeadersTest" name="testGetHeaders" time="0.138"/>
  <testcase classname="Httpbin.HttpBinHeadersTest" name="testGetInvalidUrl" time="0.136"/>
  <testcase classname="Httpbin.HttpBinStatusCodeTest" name="testErrorsMethod" time="0.55"/>
  <testcase classname="Httpbin.HttpBinStatusCodeTest" name="testOkMethod" time="0.143"/>
  <testcase classname="Httpbin.HttpBinRedirectTest" name="testInvalidMethod" time="0.138"/>
  <testcase classname="Httpbin.HttpBinRedirectTest" name="testRedirectInParameters" time="2.968"/>
  <testcase classname="Httpbin.HttpBinRedirectTest" name="testResponseRedirect" time="0.138"/>
</testsuite> <!-- Sequential tests -->
