<?xml version="1.0" encoding="UTF-8"?>
<!-- Generated by org.testng.reporters.JUnitXMLReporter -->
<testsuite hostname="Няша" failures="12" tests="20" name="Sequential tests" time="3.664" errors="0" timestamp="16 Dec 2017 10:55:57 GMT">
  <testcase classname="Httpbin.HttpBinHeadersTest" name="testGetArgs1" time="0.492">
    <failure type="java.lang.AssertionError" message="[JSON body args] expected:
&amp;lt;&amp;apos;{&amp;quot;hello1&amp;quot;:&amp;quot;world1&amp;quot;,&amp;quot;hello2&amp;quot;:&amp;quot;world2&amp;quot;}&amp;apos;&amp;gt;
 but was:
&amp;lt;&amp;apos;{}&amp;apos;&amp;gt;">
      <![CDATA[java.lang.AssertionError: [JSON body args] expected:
<'{"hello1":"world1","hello2":"world2"}'>
 but was:
<'{}'>
	at Httpbin.HttpBinHeadersTest.testGetArgs1(HttpBinHeadersTest.java:130)
... Removed 27 stack frames]]>
    </failure>
  </testcase> <!-- testGetArgs1 -->
  <testcase classname="Httpbin.HttpBinHeadersTest" name="testGetArgs2" time="0.164">
    <failure type="java.lang.AssertionError" message="[JSON body args] expected:
&amp;lt;&amp;apos;{&amp;quot;hello1&amp;quot;:&amp;quot;world1&amp;quot;,&amp;quot;hello2&amp;quot;:&amp;quot;world1&amp;quot;}&amp;apos;&amp;gt;
 but was:
&amp;lt;&amp;apos;{}&amp;apos;&amp;gt;">
      <![CDATA[java.lang.AssertionError: [JSON body args] expected:
<'{"hello1":"world1","hello2":"world1"}'>
 but was:
<'{}'>
	at Httpbin.HttpBinHeadersTest.testGetArgs2(HttpBinHeadersTest.java:161)
... Removed 27 stack frames]]>
    </failure>
  </testcase> <!-- testGetArgs2 -->
  <testcase classname="Httpbin.HttpBinHeadersTest" name="testGetArgs3" time="0.153">
    <failure type="java.lang.AssertionError" message="[JSON body args] expected:
&amp;lt;&amp;apos;{&amp;quot;hello1&amp;quot;:[&amp;quot;world1&amp;quot;,&amp;quot;world2&amp;quot;]}&amp;apos;&amp;gt;
 but was:
&amp;lt;&amp;apos;{}&amp;apos;&amp;gt;">
      <![CDATA[java.lang.AssertionError: [JSON body args] expected:
<'{"hello1":["world1","world2"]}'>
 but was:
<'{}'>
	at Httpbin.HttpBinHeadersTest.testGetArgs3(HttpBinHeadersTest.java:181)
... Removed 27 stack frames]]>
    </failure>
  </testcase> <!-- testGetArgs3 -->
  <testcase classname="Httpbin.HttpBinHeadersTest" name="testGetArgs4" time="0.155">
    <failure type="java.lang.AssertionError" message="[JSON body args] expected:
&amp;lt;&amp;apos;{&amp;quot;hello1&amp;quot;:[&amp;quot;world1&amp;quot;,&amp;quot;world1&amp;quot;]}&amp;apos;&amp;gt;
 but was:
&amp;lt;&amp;apos;{}&amp;apos;&amp;gt;">
      <![CDATA[java.lang.AssertionError: [JSON body args] expected:
<'{"hello1":["world1","world1"]}'>
 but was:
<'{}'>
	at Httpbin.HttpBinHeadersTest.testGetArgs4(HttpBinHeadersTest.java:201)
... Removed 27 stack frames]]>
    </failure>
  </testcase> <!-- testGetArgs4 -->
  <testcase classname="Httpbin.HttpBinHeadersTest" name="testGetDefaultBodyResponse" time="0.154">
    <failure type="java.lang.AssertionError" message="[Header - Server] expected:
&amp;lt;&amp;apos;nginx&amp;apos;&amp;gt;
 but was:
&amp;lt;&amp;apos;meinheld/0.6.1&amp;apos;&amp;gt;">
      <![CDATA[java.lang.AssertionError: [Header - Server] expected:
<'nginx'>
 but was:
<'meinheld/0.6.1'>
	at Httpbin.HttpBinHeadersTest.testGetDefaultBodyResponse(HttpBinHeadersTest.java:58)
... Removed 27 stack frames]]>
    </failure>
  </testcase> <!-- testGetDefaultBodyResponse -->
  <testcase classname="Httpbin.HttpBinHeadersTest" name="testGetHeaders" time="0.153"/>
  <testcase classname="Httpbin.HttpBinHeadersTest" name="testGetInvalidMethod" time="0.151"/>
  <testcase classname="Httpbin.HttpBinHeadersTest" name="testGetInvalidUrl" time="0.263"/>
  <testcase classname="Httpbin.HttpBinStatusCodeTest" name="testPostArgs" time="0.274"/>
  <testcase classname="Httpbin.HttpBinStatusCodeTest" name="testPostDefaultBodyResponse" time="0.135">
    <failure type="java.lang.AssertionError" message="[Header - Server] expected:
&amp;lt;&amp;apos;nginx&amp;apos;&amp;gt;
 but was:
&amp;lt;&amp;apos;meinheld/0.6.1&amp;apos;&amp;gt;">
      <![CDATA[java.lang.AssertionError: [Header - Server] expected:
<'nginx'>
 but was:
<'meinheld/0.6.1'>
	at Httpbin.HttpBinStatusCodeTest.testPostDefaultBodyResponse(HttpBinStatusCodeTest.java:57)
... Removed 27 stack frames]]>
    </failure>
  </testcase> <!-- testPostDefaultBodyResponse -->
  <testcase classname="Httpbin.HttpBinStatusCodeTest" name="testPostInvalidMethod" time="0.135"/>
  <testcase classname="Httpbin.HttpBinStatusCodeTest" name="testPostJson1" time="0.279"/>
  <testcase classname="Httpbin.HttpBinStatusCodeTest" name="testPostJson2" time="0.143"/>
  <testcase classname="Httpbin.HttpBinStatusCodeTest" name="testPostJson3" time="0.142"/>
  <testcase classname="Httpbin.HttpBinRedirectTest" name="testResponseHeadersDefault" time="0.14">
    <failure type="java.lang.AssertionError" message="[Header - Server] expected:
&amp;lt;&amp;apos;nginx&amp;apos;&amp;gt;
 but was:
&amp;lt;&amp;apos;meinheld/0.6.1&amp;apos;&amp;gt;">
      <![CDATA[java.lang.AssertionError: [Header - Server] expected:
<'nginx'>
 but was:
<'meinheld/0.6.1'>
	at Httpbin.HttpBinRedirectTest.testResponseHeadersDefault(HttpBinRedirectTest.java:50)
... Removed 27 stack frames]]>
    </failure>
  </testcase> <!-- testResponseHeadersDefault -->
  <testcase classname="Httpbin.HttpBinRedirectTest" name="testResponseHeadersInParameters1" time="0.142">
    <failure type="java.lang.AssertionError" message="[Header - Server] expected:
&amp;lt;&amp;apos;nginx&amp;apos;&amp;gt;
 but was:
&amp;lt;&amp;apos;meinheld/0.6.1&amp;apos;&amp;gt;">
      <![CDATA[java.lang.AssertionError: [Header - Server] expected:
<'nginx'>
 but was:
<'meinheld/0.6.1'>
	at Httpbin.HttpBinRedirectTest.testResponseHeadersInParameters1(HttpBinRedirectTest.java:87)
... Removed 27 stack frames]]>
    </failure>
  </testcase> <!-- testResponseHeadersInParameters1 -->
  <testcase classname="Httpbin.HttpBinRedirectTest" name="testResponseHeadersInParameters2" time="0.14">
    <failure type="java.lang.NullPointerException">
      <![CDATA[java.lang.NullPointerException
	at Httpbin.HttpBinRedirectTest.testResponseHeadersInParameters2(HttpBinRedirectTest.java:123)
... Removed 27 stack frames]]>
    </failure>
  </testcase> <!-- testResponseHeadersInParameters2 -->
  <testcase classname="Httpbin.HttpBinRedirectTest" name="testResponseHeadersInParameters3" time="0.141">
    <failure type="java.lang.NullPointerException">
      <![CDATA[java.lang.NullPointerException
	at Httpbin.HttpBinRedirectTest.testResponseHeadersInParameters3(HttpBinRedirectTest.java:158)
... Removed 27 stack frames]]>
    </failure>
  </testcase> <!-- testResponseHeadersInParameters3 -->
  <testcase classname="Httpbin.HttpBinRedirectTest" name="testResponseHeadersInParameters4" time="0.141">
    <failure type="java.lang.NullPointerException">
      <![CDATA[java.lang.NullPointerException
	at Httpbin.HttpBinRedirectTest.testResponseHeadersInParameters4(HttpBinRedirectTest.java:192)
... Removed 27 stack frames]]>
    </failure>
  </testcase> <!-- testResponseHeadersInParameters4 -->
  <testcase classname="Httpbin.HttpBinRedirectTest" name="testResponseHeadersInvalidMethod" time="0.141">
    <failure type="java.lang.AssertionError" message="[Response code] expected:
&amp;lt;405&amp;gt;
 but was:
&amp;lt;200&amp;gt;">
      <![CDATA[java.lang.AssertionError: [Response code] expected:
<405>
 but was:
<200>
	at Httpbin.HttpBinRedirectTest.testResponseHeadersInvalidMethod(HttpBinRedirectTest.java:218)
... Removed 27 stack frames]]>
    </failure>
  </testcase> <!-- testResponseHeadersInvalidMethod -->
</testsuite> <!-- Sequential tests -->
