<?xml version="1.0" encoding="UTF-8"?>
<testsuite name="TestSuite" time="2.066" tests="8" errors="0" skipped="0" failures="3">
  <properties>
[...]
</properties>
  <testcase name="testGetDefaultBodyResponse" classname="Httpbin.HttpBinHeadersTest" time="0.394"/>
  <testcase name="testGetHeaders" classname="Httpbin.HttpBinHeadersTest" time="0.138"/>
  <testcase name="testGetInvalidUrl" classname="Httpbin.HttpBinHeadersTest" time="0.138"/>
  <testcase name="testErrorsMethod" classname="Httpbin.HttpBinStatusCodeTest" time="0.557"/>
  <testcase name="testOkMethod" classname="Httpbin.HttpBinStatusCodeTest" time="0.139"/>
  <testcase name="testResponseHeadersDefault" classname="Httpbin.HttpBinRedirectTest" time="0.161">
    <failure message="[Response code] expected:&#10;&lt;200&gt;&#10; but was:&#10;&lt;404&gt;" type="java.lang.AssertionError"><![CDATA[java.lang.AssertionError: [Response code] expected:
<200>
 but was:
<404>
	at Httpbin.HttpBinRedirectTest.testResponseHeadersDefault(HttpBinRedirectTest.java:47)
]]></failure>
    <system-err><![CDATA[[main] INFO HttpBinRedirectTest - Test: testResponseHeadersDefault
]]></system-err>
  </testcase>
  <testcase name="testResponseHeadersInParameters1" classname="Httpbin.HttpBinRedirectTest" time="0.273">
    <failure message="[Response code] expected:&#10;&lt;200&gt;&#10; but was:&#10;&lt;404&gt;" type="java.lang.AssertionError"><![CDATA[java.lang.AssertionError: [Response code] expected:
<200>
 but was:
<404>
	at Httpbin.HttpBinRedirectTest.testResponseHeadersInParameters1(HttpBinRedirectTest.java:83)
]]></failure>
    <system-err><![CDATA[[main] INFO HttpBinRedirectTest - Test: testResponseHeadersInParameters1
]]></system-err>
  </testcase>
  <testcase name="testResponseHeadersInvalidMethod" classname="Httpbin.HttpBinRedirectTest" time="0.266">
    <failure message="[Response code] expected:&#10;&lt;200&gt;&#10; but was:&#10;&lt;404&gt;" type="java.lang.AssertionError"><![CDATA[java.lang.AssertionError: [Response code] expected:
<200>
 but was:
<404>
	at Httpbin.HttpBinRedirectTest.testResponseHeadersInvalidMethod(HttpBinRedirectTest.java:114)
]]></failure>
    <system-err><![CDATA[[main] INFO HttpBinRedirectTest - Test: testGetInvalidMethod
]]></system-err>
  </testcase>
</testsuite>