<?xml version="1.0" encoding="UTF-8"?>
<testng-results total="8" passed="8" failed="0" skipped="0">
  <reporter-output>
  </reporter-output>
  <suite started-at="2017-12-18T07:54:49Z" name="Sequential" finished-at="2017-12-18T07:54:54Z" duration-ms="4612">
    <groups>
      <group name="group2">
        <method signature="HttpBinRedirectTest.testRedirectInParameters()[pri:0, instance:Httpbin.HttpBinRedirectTest@7334aada]" name="testRedirectInParameters" class="Httpbin.HttpBinRedirectTest"/>
        <method signature="HttpBinRedirectTest.testResponseRedirect()[pri:0, instance:Httpbin.HttpBinRedirectTest@7334aada]" name="testResponseRedirect" class="Httpbin.HttpBinRedirectTest"/>
      </group> <!-- group2 -->
      <group name="group1">
        <method signature="HttpBinHeadersTest.testGetDefaultBodyResponse()[pri:0, instance:Httpbin.HttpBinHeadersTest@479d31f3]" name="testGetDefaultBodyResponse" class="Httpbin.HttpBinHeadersTest"/>
        <method signature="HttpBinHeadersTest.testGetHeaders()[pri:0, instance:Httpbin.HttpBinHeadersTest@479d31f3]" name="testGetHeaders" class="Httpbin.HttpBinHeadersTest"/>
        <method signature="HttpBinHeadersTest.testGetInvalidUrl()[pri:0, instance:Httpbin.HttpBinHeadersTest@479d31f3]" name="testGetInvalidUrl" class="Httpbin.HttpBinHeadersTest"/>
        <method signature="HttpBinRedirectTest.testInvalidMethod()[pri:0, instance:Httpbin.HttpBinRedirectTest@7334aada]" name="testInvalidMethod" class="Httpbin.HttpBinRedirectTest"/>
        <method signature="HttpBinStatusCodeTest.testErrorsMethod()[pri:0, instance:Httpbin.HttpBinStatusCodeTest@3ce1e309]" name="testErrorsMethod" class="Httpbin.HttpBinStatusCodeTest"/>
        <method signature="HttpBinStatusCodeTest.testOkMethod()[pri:0, instance:Httpbin.HttpBinStatusCodeTest@3ce1e309]" name="testOkMethod" class="Httpbin.HttpBinStatusCodeTest"/>
      </group> <!-- group1 -->
    </groups>
    <test started-at="2017-12-18T07:54:49Z" name="Sequential tests" finished-at="2017-12-18T07:54:54Z" duration-ms="4612">
      <class name="Httpbin.HttpBinRedirectTest">
        <test-method signature="testInvalidMethod()[pri:0, instance:Httpbin.HttpBinRedirectTest@7334aada]" started-at="2017-12-18T10:54:50Z" name="testInvalidMethod" finished-at="2017-12-18T10:54:50Z" duration-ms="138" status="PASS">
          <reporter-output>
          </reporter-output>
        </test-method> <!-- testInvalidMethod -->
        <test-method signature="testRedirectInParameters()[pri:0, instance:Httpbin.HttpBinRedirectTest@7334aada]" started-at="2017-12-18T10:54:50Z" name="testRedirectInParameters" finished-at="2017-12-18T10:54:53Z" duration-ms="2968" status="PASS">
          <reporter-output>
          </reporter-output>
        </test-method> <!-- testRedirectInParameters -->
        <test-method signature="testResponseRedirect()[pri:0, instance:Httpbin.HttpBinRedirectTest@7334aada]" started-at="2017-12-18T10:54:53Z" name="testResponseRedirect" finished-at="2017-12-18T10:54:54Z" duration-ms="138" status="PASS">
          <reporter-output>
          </reporter-output>
        </test-method> <!-- testResponseRedirect -->
      </class> <!-- Httpbin.HttpBinRedirectTest -->
      <class name="Httpbin.HttpBinStatusCodeTest">
        <test-method signature="testErrorsMethod()[pri:0, instance:Httpbin.HttpBinStatusCodeTest@3ce1e309]" started-at="2017-12-18T10:54:50Z" name="testErrorsMethod" finished-at="2017-12-18T10:54:50Z" duration-ms="550" status="PASS">
          <reporter-output>
          </reporter-output>
        </test-method> <!-- testErrorsMethod -->
        <test-method signature="testOkMethod()[pri:0, instance:Httpbin.HttpBinStatusCodeTest@3ce1e309]" started-at="2017-12-18T10:54:50Z" name="testOkMethod" finished-at="2017-12-18T10:54:50Z" duration-ms="143" status="PASS">
          <reporter-output>
          </reporter-output>
        </test-method> <!-- testOkMethod -->
      </class> <!-- Httpbin.HttpBinStatusCodeTest -->
      <class name="Httpbin.HttpBinHeadersTest">
        <test-method signature="testGetDefaultBodyResponse()[pri:0, instance:Httpbin.HttpBinHeadersTest@479d31f3]" started-at="2017-12-18T10:54:49Z" name="testGetDefaultBodyResponse" finished-at="2017-12-18T10:54:49Z" duration-ms="387" status="PASS">
          <reporter-output>
          </reporter-output>
        </test-method> <!-- testGetDefaultBodyResponse -->
        <test-method signature="testGetHeaders()[pri:0, instance:Httpbin.HttpBinHeadersTest@479d31f3]" started-at="2017-12-18T10:54:49Z" name="testGetHeaders" finished-at="2017-12-18T10:54:49Z" duration-ms="138" status="PASS">
          <reporter-output>
          </reporter-output>
        </test-method> <!-- testGetHeaders -->
        <test-method signature="testGetInvalidUrl()[pri:0, instance:Httpbin.HttpBinHeadersTest@479d31f3]" started-at="2017-12-18T10:54:49Z" name="testGetInvalidUrl" finished-at="2017-12-18T10:54:50Z" duration-ms="136" status="PASS">
          <reporter-output>
          </reporter-output>
        </test-method> <!-- testGetInvalidUrl -->
      </class> <!-- Httpbin.HttpBinHeadersTest -->
    </test> <!-- Sequential tests -->
  </suite> <!-- Sequential -->
</testng-results>
